[INFO] Scanning for projects...
[INFO] 
[INFO] ----------------------< com.example:prescription >----------------------
[INFO] Building prescription 0.0.1-SNAPSHOT
[INFO]   from pom.xml
[INFO] --------------------------------[ jar ]---------------------------------
[INFO] 
[INFO] >>> spring-boot:3.5.7:run (default-cli) > test-compile @ prescription >>>
[INFO] 
[INFO] --- resources:3.3.1:resources (default-resources) @ prescription ---
[INFO] Copying 1 resource from src/main/resources to target/classes
[INFO] Copying 0 resource from src/main/resources to target/classes
[INFO] 
[INFO] --- compiler:3.14.1:compile (default-compile) @ prescription ---
[INFO] Recompiling the module because of changed source code.
[INFO] Compiling 8 source files with javac [debug parameters release 17] to target/classes
[WARNING] /Users/shakin/Developer/springboot-prescription-app/src/main/java/com/example/prescription/config/SecurityConfig.java:[44,13] csrf() in org.springframework.security.config.annotation.web.builders.HttpSecurity has been deprecated and marked for removal
[WARNING] /Users/shakin/Developer/springboot-prescription-app/src/main/java/com/example/prescription/config/SecurityConfig.java:[45,13] authorizeHttpRequests() in org.springframework.security.config.annotation.web.builders.HttpSecurity has been deprecated and marked for removal
[WARNING] /Users/shakin/Developer/springboot-prescription-app/src/main/java/com/example/prescription/config/SecurityConfig.java:[48,13] and() in org.springframework.security.config.annotation.web.configurers.AuthorizeHttpRequestsConfigurer.AuthorizationManagerRequestMatcherRegistry has been deprecated and marked for removal
[WARNING] /Users/shakin/Developer/springboot-prescription-app/src/main/java/com/example/prescription/config/SecurityConfig.java:[49,13] httpBasic() in org.springframework.security.config.annotation.web.builders.HttpSecurity has been deprecated and marked for removal
[WARNING] /Users/shakin/Developer/springboot-prescription-app/src/main/java/com/example/prescription/config/SecurityConfig.java:[50,13] and() in org.springframework.security.config.annotation.SecurityConfigurerAdapter has been deprecated and marked for removal
[WARNING] /Users/shakin/Developer/springboot-prescription-app/src/main/java/com/example/prescription/config/SecurityConfig.java:[51,13] formLogin() in org.springframework.security.config.annotation.web.builders.HttpSecurity has been deprecated and marked for removal
[WARNING] /Users/shakin/Developer/springboot-prescription-app/src/main/java/com/example/prescription/config/SecurityConfig.java:[53,13] and() in org.springframework.security.config.annotation.SecurityConfigurerAdapter has been deprecated and marked for removal
[WARNING] /Users/shakin/Developer/springboot-prescription-app/src/main/java/com/example/prescription/config/SecurityConfig.java:[54,13] logout() in org.springframework.security.config.annotation.web.builders.HttpSecurity has been deprecated and marked for removal
[WARNING] /Users/shakin/Developer/springboot-prescription-app/src/main/java/com/example/prescription/config/SecurityConfig.java:[58,13] headers() in org.springframework.security.config.annotation.web.builders.HttpSecurity has been deprecated and marked for removal
[WARNING] /Users/shakin/Developer/springboot-prescription-app/src/main/java/com/example/prescription/config/SecurityConfig.java:[58,23] frameOptions() in org.springframework.security.config.annotation.web.configurers.HeadersConfigurer has been deprecated and marked for removal
[INFO] 
[INFO] --- resources:3.3.1:testResources (default-testResources) @ prescription ---
[INFO] skip non existing resourceDirectory /Users/shakin/Developer/springboot-prescription-app/src/test/resources
[INFO] 
[INFO] --- compiler:3.14.1:testCompile (default-testCompile) @ prescription ---
[INFO] Recompiling the module because of changed dependency.
[INFO] Compiling 1 source file with javac [debug parameters release 17] to target/test-classes
[INFO] 
[INFO] <<< spring-boot:3.5.7:run (default-cli) < test-compile @ prescription <<<
[INFO] 
[INFO] 
[INFO] --- spring-boot:3.5.7:run (default-cli) @ prescription ---
[INFO] Attaching agents: []

  .   ____          _            __ _ _
 /\\ / ___'_ __ _ _(_)_ __  __ _ \ \ \ \
( ( )\___ | '_ | '_| | '_ \/ _` | \ \ \ \
 \\/  ___)| |_)| | | | | || (_| |  ) ) ) )
  '  |____| .__|_| |_|_| |_\__, | / / / /
 =========|_|==============|___/=/_/_/_/

 :: Spring Boot ::                (v3.5.7)

2025-11-09T22:50:38.507+06:00  INFO 32726 --- [prescription] [  restartedMain] c.e.p.PrescriptionApplication            : Starting PrescriptionApplication using Java 17.0.17 with PID 32726 (/Users/shakin/Developer/springboot-prescription-app/target/classes started by shakin in /Users/shakin/Developer/springboot-prescription-app)
2025-11-09T22:50:38.508+06:00  INFO 32726 --- [prescription] [  restartedMain] c.e.p.PrescriptionApplication            : No active profile set, falling back to 1 default profile: "default"
2025-11-09T22:50:38.520+06:00  INFO 32726 --- [prescription] [  restartedMain] .e.DevToolsPropertyDefaultsPostProcessor : Devtools property defaults active! Set 'spring.devtools.add-properties' to 'false' to disable
2025-11-09T22:50:38.520+06:00  INFO 32726 --- [prescription] [  restartedMain] .e.DevToolsPropertyDefaultsPostProcessor : For additional web related logging consider setting the 'logging.level.web' property to 'DEBUG'
2025-11-09T22:50:38.706+06:00  INFO 32726 --- [prescription] [  restartedMain] .s.d.r.c.RepositoryConfigurationDelegate : Bootstrapping Spring Data JPA repositories in DEFAULT mode.
2025-11-09T22:50:38.721+06:00  INFO 32726 --- [prescription] [  restartedMain] .s.d.r.c.RepositoryConfigurationDelegate : Finished Spring Data repository scanning in 12 ms. Found 2 JPA repository interfaces.
2025-11-09T22:50:38.885+06:00  INFO 32726 --- [prescription] [  restartedMain] o.s.b.w.embedded.tomcat.TomcatWebServer  : Tomcat initialized with port 8080 (http)
2025-11-09T22:50:38.889+06:00  INFO 32726 --- [prescription] [  restartedMain] o.apache.catalina.core.StandardService   : Starting service [Tomcat]
2025-11-09T22:50:38.889+06:00  INFO 32726 --- [prescription] [  restartedMain] o.apache.catalina.core.StandardEngine    : Starting Servlet engine: [Apache Tomcat/10.1.48]
2025-11-09T22:50:38.899+06:00  INFO 32726 --- [prescription] [  restartedMain] o.a.c.c.C.[Tomcat].[localhost].[/]       : Initializing Spring embedded WebApplicationContext
2025-11-09T22:50:38.900+06:00  INFO 32726 --- [prescription] [  restartedMain] w.s.c.ServletWebServerApplicationContext : Root WebApplicationContext: initialization completed in 380 ms
2025-11-09T22:50:38.950+06:00  INFO 32726 --- [prescription] [  restartedMain] o.hibernate.jpa.internal.util.LogHelper  : HHH000204: Processing PersistenceUnitInfo [name: default]
2025-11-09T22:50:38.963+06:00  INFO 32726 --- [prescription] [  restartedMain] org.hibernate.Version                    : HHH000412: Hibernate ORM core version 6.6.33.Final
2025-11-09T22:50:38.972+06:00  INFO 32726 --- [prescription] [  restartedMain] o.h.c.internal.RegionFactoryInitiator    : HHH000026: Second-level cache disabled
2025-11-09T22:50:39.070+06:00  INFO 32726 --- [prescription] [  restartedMain] o.s.o.j.p.SpringPersistenceUnitInfo      : No LoadTimeWeaver setup: ignoring JPA class transformer
2025-11-09T22:50:39.079+06:00  INFO 32726 --- [prescription] [  restartedMain] com.zaxxer.hikari.HikariDataSource       : HikariPool-1 - Starting...
2025-11-09T22:50:39.547+06:00  INFO 32726 --- [prescription] [  restartedMain] com.zaxxer.hikari.pool.HikariPool        : HikariPool-1 - Added connection org.sqlite.jdbc4.JDBC4Connection@5958fd57
2025-11-09T22:50:39.549+06:00  INFO 32726 --- [prescription] [  restartedMain] com.zaxxer.hikari.HikariDataSource       : HikariPool-1 - Start completed.
2025-11-09T22:50:39.572+06:00  INFO 32726 --- [prescription] [  restartedMain] org.hibernate.orm.connections.pooling    : HHH10001005: Database info:
	Database JDBC URL [Connecting through datasource 'HikariDataSource (HikariPool-1)']
	Database driver: undefined/unknown
	Database version: 3.46
	Autocommit mode: undefined/unknown
	Isolation level: undefined/unknown
	Minimum pool size: undefined/unknown
	Maximum pool size: undefined/unknown
2025-11-09T22:50:39.796+06:00  INFO 32726 --- [prescription] [  restartedMain] o.h.e.t.j.p.i.JtaPlatformInitiator       : HHH000489: No JTA platform available (set 'hibernate.transaction.jta.platform' to enable JTA platform integration)
2025-11-09T22:50:39.805+06:00  INFO 32726 --- [prescription] [  restartedMain] j.LocalContainerEntityManagerFactoryBean : Initialized JPA EntityManagerFactory for persistence unit 'default'
2025-11-09T22:50:39.896+06:00  WARN 32726 --- [prescription] [  restartedMain] JpaBaseConfiguration$JpaWebConfiguration : spring.jpa.open-in-view is enabled by default. Therefore, database queries may be performed during view rendering. Explicitly configure spring.jpa.open-in-view to disable this warning
2025-11-09T22:50:39.907+06:00  INFO 32726 --- [prescription] [  restartedMain] r$InitializeUserDetailsManagerConfigurer : Global AuthenticationManager configured with UserDetailsService bean with name userDetailsService
2025-11-09T22:50:40.049+06:00  INFO 32726 --- [prescription] [  restartedMain] o.s.b.d.a.OptionalLiveReloadServer       : LiveReload server is running on port 35729
2025-11-09T22:50:40.060+06:00  INFO 32726 --- [prescription] [  restartedMain] o.s.b.w.embedded.tomcat.TomcatWebServer  : Tomcat started on port 8080 (http) with context path '/'
2025-11-09T22:50:40.063+06:00  INFO 32726 --- [prescription] [  restartedMain] c.e.p.PrescriptionApplication            : Started PrescriptionApplication in 1.663 seconds (process running for 1.773)
Hibernate: select u1_0.id,u1_0.password,u1_0.role,u1_0.username from users u1_0 where u1_0.username=?
2025-11-09T22:50:45.720+06:00  INFO 32726 --- [prescription] [nio-8080-exec-1] o.a.c.c.C.[Tomcat].[localhost].[/]       : Initializing Spring DispatcherServlet 'dispatcherServlet'
2025-11-09T22:50:45.720+06:00  INFO 32726 --- [prescription] [nio-8080-exec-1] o.s.web.servlet.DispatcherServlet        : Initializing Servlet 'dispatcherServlet'
2025-11-09T22:50:45.721+06:00  INFO 32726 --- [prescription] [nio-8080-exec-1] o.s.web.servlet.DispatcherServlet        : Completed initialization in 1 ms
Hibernate: select u1_0.id,u1_0.password,u1_0.role,u1_0.username from users u1_0 where u1_0.username=?
Hibernate: select p1_0.id,p1_0.diagnosis,p1_0.medicines,p1_0.next_visit_date,p1_0.patient_age,p1_0.patient_gender,p1_0.patient_name,p1_0.prescription_date from prescriptions p1_0 limit ? offset ?
2025-11-09T22:50:45.888+06:00  WARN 32726 --- [prescription] [nio-8080-exec-1] ration$PageModule$WarningLoggingModifier : Serializing PageImpl instances as-is is not supported, meaning that there is no guarantee about the stability of the resulting JSON structure!
	For a stable JSON structure, please use Spring Data's PagedModel (globally via @EnableSpringDataWebSupport(pageSerializationMode = VIA_DTO))
	or Spring HATEOAS and Spring Data's PagedResourcesAssembler as documented in https://docs.spring.io/spring-data/commons/reference/repositories/core-extensions.html#core.web.pageables.

Hibernate: select u1_0.id,u1_0.password,u1_0.role,u1_0.username from users u1_0 where u1_0.username=?
Hibernate: insert into prescriptions (diagnosis,medicines,next_visit_date,patient_age,patient_gender,patient_name,prescription_date) values (?,?,?,?,?,?,?)
Hibernate: select last_insert_rowid()
Hibernate: select u1_0.id,u1_0.password,u1_0.role,u1_0.username from users u1_0 where u1_0.username=?
Hibernate: select p1_0.id,p1_0.diagnosis,p1_0.medicines,p1_0.next_visit_date,p1_0.patient_age,p1_0.patient_gender,p1_0.patient_name,p1_0.prescription_date from prescriptions p1_0 limit ? offset ?
Hibernate: select u1_0.id,u1_0.password,u1_0.role,u1_0.username from users u1_0 where u1_0.username=?
Hibernate: select p1_0.id,p1_0.diagnosis,p1_0.medicines,p1_0.next_visit_date,p1_0.patient_age,p1_0.patient_gender,p1_0.patient_name,p1_0.prescription_date from prescriptions p1_0 where p1_0.id=?
Hibernate: update prescriptions set diagnosis=?,medicines=?,next_visit_date=?,patient_age=?,patient_gender=?,patient_name=?,prescription_date=? where id=?
Hibernate: select u1_0.id,u1_0.password,u1_0.role,u1_0.username from users u1_0 where u1_0.username=?
Hibernate: select count(*) from prescriptions p1_0 where p1_0.id=?
Hibernate: select p1_0.id,p1_0.diagnosis,p1_0.medicines,p1_0.next_visit_date,p1_0.patient_age,p1_0.patient_gender,p1_0.patient_name,p1_0.prescription_date from prescriptions p1_0 where p1_0.id=?
Hibernate: delete from prescriptions where id=?
Hibernate: select u1_0.id,u1_0.password,u1_0.role,u1_0.username from users u1_0 where u1_0.username=?
Hibernate: select p1_0.id,p1_0.diagnosis,p1_0.medicines,p1_0.next_visit_date,p1_0.patient_age,p1_0.patient_gender,p1_0.patient_name,p1_0.prescription_date from prescriptions p1_0 limit ? offset ?
Hibernate: select u1_0.id,u1_0.password,u1_0.role,u1_0.username from users u1_0 where u1_0.username=?
[INFO] ------------------------------------------------------------------------
[INFO] BUILD FAILURE
[INFO] ------------------------------------------------------------------------
[INFO] Total time:  43:54 min
[INFO] Finished at: 2025-11-09T23:34:32+06:00
[INFO] ------------------------------------------------------------------------
[ERROR] Failed to execute goal org.springframework.boot:spring-boot-maven-plugin:3.5.7:run (default-cli) on project prescription: Process terminated with exit code: 137 -> [Help 1]
[ERROR] 
[ERROR] To see the full stack trace of the errors, re-run Maven with the -e switch.
[ERROR] Re-run Maven using the -X switch to enable full debug logging.
[ERROR] 
[ERROR] For more information about the errors and possible solutions, please read the following articles:
[ERROR] [Help 1] http://cwiki.apache.org/confluence/display/MAVEN/MojoExecutionException
